# JRE version: Java(TM) SE Runtime Environment 18.9 (11.0.15+8) (build 11.0.15+8-LTS-149)
# Java VM: Java HotSpot(TM) 64-Bit Server VM 18.9 (11.0.15+8-LTS-149, mixed mode, tiered, compressed oops, g1 gc, windows-amd64)
Heap:
 garbage-first heap   total 303104K, used 223996K [0x0000000080000000, 0x0000000100000000)
  region size 1024K, 38 young (38912K), 4 survivors (4096K)
 Metaspace       used 125380K, capacity 130318K, committed 130640K, reserved 628736K
  class space    used 16373K, capacity 18213K, committed 18336K, reserved 516096K
GC Heap History (10 events):
Event: 56.512 GC heap before
{Heap before GC invocations=77 (full 0):
 garbage-first heap   total 303104K, used 227955K [0x0000000080000000, 0x0000000100000000)
  region size 1024K, 62 young (63488K), 2 survivors (2048K)
 Metaspace       used 122876K, capacity 127653K, committed 127824K, reserved 626688K
  class space    used 16207K, capacity 18010K, committed 18080K, reserved 516096K
}
Event: 56.525 GC heap after
{Heap after GC invocations=78 (full 0):
 garbage-first heap   total 303104K, used 176519K [0x0000000080000000, 0x0000000100000000)
  region size 1024K, 8 young (8192K), 8 survivors (8192K)
 Metaspace       used 122876K, capacity 127653K, committed 127824K, reserved 626688K
  class space    used 16207K, capacity 18010K, committed 18080K, reserved 516096K
}
Event: 65.645 GC heap before
{Heap before GC invocations=79 (full 0):
 garbage-first heap   total 303104K, used 235911K [0x0000000080000000, 0x0000000100000000)
  region size 1024K, 66 young (67584K), 8 survivors (8192K)
 Metaspace       used 123436K, capacity 128273K, committed 128336K, reserved 626688K
  class space    used 16237K, capacity 18028K, committed 18080K, reserved 516096K
}
Event: 65.673 GC heap after
{Heap after GC invocations=80 (full 0):
 garbage-first heap   total 303104K, used 183630K [0x0000000080000000, 0x0000000100000000)
  region size 1024K, 8 young (8192K), 8 survivors (8192K)
 Metaspace       used 123436K, capacity 128273K, committed 128336K, reserved 626688K
  class space    used 16237K, capacity 18028K, committed 18080K, reserved 516096K
}
Event: 65.690 GC heap before
{Heap before GC invocations=80 (full 0):
 garbage-first heap   total 303104K, used 189774K [0x0000000080000000, 0x0000000100000000)
  region size 1024K, 14 young (14336K), 8 survivors (8192K)
 Metaspace       used 123438K, capacity 128273K, committed 128336K, reserved 626688K
  class space    used 16237K, capacity 18028K, committed 18080K, reserved 516096K
}
Event: 65.709 GC heap after
{Heap after GC invocations=81 (full 0):
 garbage-first heap   total 303104K, used 182262K [0x0000000080000000, 0x0000000100000000)
  region size 1024K, 2 young (2048K), 2 survivors (2048K)
 Metaspace       used 123438K, capacity 128273K, committed 128336K, reserved 626688K
  class space    used 16237K, capacity 18028K, committed 18080K, reserved 516096K
}
Event: 68.088 GC heap before
{Heap before GC invocations=81 (full 0):
 garbage-first heap   total 303104K, used 240630K [0x0000000080000000, 0x0000000100000000)
  region size 1024K, 59 young (60416K), 2 survivors (2048K)
 Metaspace       used 124309K, capacity 129284K, committed 129488K, reserved 628736K
  class space    used 16340K, capacity 18202K, committed 18208K, reserved 516096K
}
Event: 68.101 GC heap after
{Heap after GC invocations=82 (full 0):
 garbage-first heap   total 303104K, used 187837K [0x0000000080000000, 0x0000000100000000)
  region size 1024K, 7 young (7168K), 7 survivors (7168K)
 Metaspace       used 124309K, capacity 129284K, committed 129488K, reserved 628736K
  class space    used 16340K, capacity 18202K, committed 18208K, reserved 516096K
}
Event: 73.051 GC heap before
{Heap before GC invocations=82 (full 0):
 garbage-first heap   total 303104K, used 244157K [0x0000000080000000, 0x0000000100000000)
  region size 1024K, 63 young (64512K), 7 survivors (7168K)
 Metaspace       used 125177K, capacity 130071K, committed 130256K, reserved 628736K
  class space    used 16369K, capacity 18206K, committed 18208K, reserved 516096K
}
Event: 73.065 GC heap after
{Heap after GC invocations=83 (full 0):
 garbage-first heap   total 303104K, used 190204K [0x0000000080000000, 0x0000000100000000)
  region size 1024K, 4 young (4096K), 4 survivors (4096K)
 Metaspace       used 125177K, capacity 130071K, committed 130256K, reserved 628736K
  class space    used 16369K, capacity 18206K, committed 18208K, reserved 516096K
}

